abandon
abase
abash
abate
abbreviate
abdicate
abduct
abet
abhor
abide
abjure
abolish
abominate
abort
abound
about-face
abrade
abridge
abrogate
abscond
absent
absolve
absorb
abstain
abstract
abuse
abut
accede
accelerate
accentuate
accept
acclaim
acclimate
acclimatize
accommodate
accompany
accomplish
accord
accost
account
accredit
accrue
accumulate
accuse
accustom
ache
achieve
acidify
acknowledge
acquaint
acquiesce
acquire
acquit
act
activate
actuate
ad-lib
adapt
add
addict
addle
address
adduce
adhere
adjoin
adjourn
adjudge
adjudicate
adjure
adjust
administer
admire
admit
admix
admonish
adopt
adore
adorn
adulterate
adumbrate
advance
advantage
adventure
advert
advertise
advise
advocate
aerate
affect
affiance
affiliate
affirm
affix
afflict
afford
afforest
affranchise
affront
age
agglomerate
agglutinate
aggrandize
aggravate
aggregate
aggrieve
agitate
agree
aid
ail
aim
air
alarm
alert
alienate
alight
align
allay
allege
alleviate
allocate
allot
allow
alloy
allude
allure
ally
amalgamate
amass
amaze
amble
ambuscade
ambush
ameliorate
amend
amortize
amount
amplify
amputate
amuse
anaesthetize
analyse
analyze
anathematize
anchor
anesthetize
anger
angle
angle-park
anglicize
animadvert
animate
anneal
annex
annihilate
annotate
announce
annoy
annul
annunciate
anoint
answer
antagonize
ante
antedate
anticipate
ape
apologize
apostrophize
appal
apparel
appeal
appear
appease
append
appertain
applaud
applique
apply
appoint
apportion
appraise
appreciate
apprehend
apprentice
apprise
approach
appropriate
approve
approximate
aquaplane
arbitrate
arch
are
argue
arise
arm
arouse
arraign
arrange
array
arrest
arrive
arrogate
article
articulate
ascend
ascertain
ascribe
ask
asperse
asphalt
asphyxiate
aspirate
aspire
assail
assassinate
assault
assay
assemble
assent
assert
assess
asseverate
assign
assimilate
assist
associate
assuage
assume
assure
astonish
astound
atomize
atone
atrophy
attach
attack
attain
attempt
attend
attenuate
attest
attire
attitudinize
attract
attribute
attune
auction
audit
audition
augment
augur
authenticate
authorize
autograph
automate
avail
avenge
aver
average
avert
avoid
avouch
avow
await
awake
awaken
award
awe
ax
axe
baa
babble
baby
babysit
back
backbite
backdate
backfire
backpedal
backslide
backspace
badger
baffle
bag
bail
bait
bake
balance
bale
balk
ball
ballast
balloon
ballot
bamboozle
ban
band
bandage
bandy
bang
banish
bank
bankrupt
banquet
bant
banter
baptize
bar
barbarize
barbecue
bare
bargain
barge
bark
barnstorm
barrack
barrel
barricade
barter
base
bash
bask
bastardize
baste
bastinado
bat
bate
bath
bathe
batten
batter
battle
baulk
bawl
bay
bayonet
be
beach
beam
bear
beard
beatify
beautify
beaver
beckon
bed
bedevil
beef
beeswax
beetle
befall
befit
befoul
befriend
beg
beggar
begin
begrudge
beguile
behave
behead
behold
behove
belabour
belay
belch
beleaguer
belie
believe
belittle
bell
bellow
belly
bellyache
bellyland
bellylaugh
belong
belt
bemoan
bend
benefit
bequeath
berate
bereave
berth
beseech
beseem
beshrew
besiege
besmear
besmirch
bespeak
best
bestir
bestow
bestrew
bestride
betake
bethink
betide
betoken
betray
betroth
better
bevel
bewail
beware
bewilder
bewitch
bias
bib
bicker
bicycle
bide
biff
bifurcate
bike
bilk
bill
billet
billow
bind
birch
bisect
bitch
bite
blab
blabber
black
black-lead
blackball
blacken
blackguard
blackleg
blacklist
blackmail
blame
blanch
blanket
blare
blaspheme
blast
blather
blaze
blazon
bleach
bleat
bleed
bleep
blemish
blench
blend
bless
blether
blight
blind
blindfold
blink
blister
blitz
block
blockade
blood
bloom
blossom
blot
blow
blow-dry
blubber
bludgeon
blue
blue-pencil
bluff
blunder
blunt
blur
blurt
blush
bluster
board
boast
boat
bob
bode
bog
boggle
boil
bolster
bolt
bomb
bombard
bond
bone
boo
boob
book
boom
boost
boot
bootleg
booze
border
borrow
boss
botanize
botch
bother
bottle
bottom
bounce
bow
bowdlerize
bowl
box
boycott
brace
bracket
brag
braid
brain
brainwash
braise
branch
brand
brandish
brave
brawl
bray
braze
brazen
breach
break
breakfast
breast
breastfeed
breathe
breed
breeze
brew
bribe
brick
bridge
bridle
brief
brighten
brim
bring
bristle
broach
broaden
brocade
broil
bronze
brood
brook
brown
browse
bruise
bruit
brush
brutalize
bubble
buck
bucket
buckle
bud
budge
budget
buff
buffet
bug
bugger
build
bulge
bulk
bulldoze
bullshit
bully
bum
bump
bunch
bundle
bung
bungle
bunk
bunker
buoy
burble
burden
burgeon
burgle
burke
burlesque
burn
burnish
burp
burrow
burthen
bury
bus
bustle
busy
butcher
butt
butter
button
buttonhole
buttress
buy
buzz
bypass
cable
cache
cackle
cadge
cage
cajole
cake
calcify
calcine
calculate
calender
calibrate
calk
call
calm
calumniate
calve
camber
camouflage
camp
campaign
can
canalize
cancel
candy
cane
canker
cannibalize
canoe
canonize
cant
canter
canvass
cap
caparison
caper
capitalize
capitulate
capsize
captain
captivate
capture
carbonize
card
care
careen
career
cares
caress
caricature
carol
carouse
carp
carpet
carry
cart
cartoon
carve
cascade
case
cash
cashier
castigate
castle
castrate
catalogue
catapult
catcall
catch
catechize
categorize
cater
caterwaul
caulk
cause
cauterize
caution
cave
cavil
cavort
caw
cayenne
cease
cede
celebrate
cement
censor
censure
centralize
centre
certificate
certify
chafe
chaff
chafing
chagrin
chain
chair
chaise
chalk
challenge
champ
champion
chance
change
channel
chant
chap
chaperon
char
characterize
charge
charm
chart
charter
chase
chasten
chastise
chat
chatter
chaw
cheapen
cheat
check
checker
checkmate
cheek
cheep
cheer
chequer
cherish
chew
chide
chill
chime
chink
chip
chirp
chirrup
chisel
chivvy
chivy
chlorinate
chock
choke
choose
chortle
chorus
christen
chronicle
chuck
chuckle
chug
chum
churn
cipher
circle
circularize
circulate
circumcise
circumnavigate
circumscribe
circumvent
cite
civilize
clack
claim
clam
clamber
clamour
clamp
clang
clank
clap
clarify
clash
clasp
class
classify
clatter
claw
clean
cleans
cleanse
clear
cleave
clench
clerk
clew
click
climax
climb
clinch
cling
clink
clip
cloak
clobber
clock
clog
cloister
close
closet
clot
clothe
cloud
clout
clown
cloy
club
cluck
clump
clunk
cluster
clutch
clutter
co-opt
co-star
coach
coagulate
coal
coalesce
coarsen
coast
coat
coax
cobble
cock
cocoon
cod
coddle
code
codify
coerce
coexist
cogitate
cohabit
cohere
coil
coin
coincide
coke
cold-shoulder
collaborate
collapse
collar
collate
collect
collectivize
collide
collocate
colonize
colour
comb
combat
combine
comfort
command
commandeer
commemorate
commence
commend
comment
commentate
commercialize
commingle
commiserate
commission
commit
commune
communicate
commute
compact
compare
compartmentalize
compass
compel
compensate
compete
compile
complain
complement
complete
complicate
compliment
comply
comport
compose
compost
compound
comprehend
compress
comprise
compromise
compute
computerize
con
conceal
concede
conceive
concentrate
concern
concert
conciliate
conclude
concoct
concrete
concur
concuss
condemn
condense
condescend
condition
condole
condone
conduce
conduct
cone
confab
confabulate
confederate
confer
confess
confide
configure
confine
confirm
confiscate
conflict
conform
confound
confront
confuse
confute
congeal
conglomerate
congratulate
congregate
conjecture
conjoin
conjugate
conjure
conk
connect
connive
connote
conquer
conscript
consecrate
consent
conserve
consider
consign
consist
console
consolidate
consort
conspire
constipate
constitute
constitutionalize
constrain
constrict
construct
construe
consult
consume
contact
contain
contaminate
contemn
contemplate
contend
content
contest
continue
contort
contour
contract
contradict
contradistinguish
contrast
contravene
contribute
contrive
control
controvert
contuse
convalesce
convene
converge
converse
convert
convey
convict
convince
convoke
convoy
convulse
coo
cook
cool
coop
cooperate
coordinate
cop
cope
copper
copper-bottom
copulate
copy
copyright
cord
core
cork
corn
corner
corral
correct
correlate
correspond
corroborate
corrode
corrugate
corrupt
coruscate
cosh
cosset
cotton
couch
cough
counsel
count
countenance
counter
counteract
counterattack
counterbalance
counterfeit
countermand
countermine
counterplot
counterpoise
countersign
countersink
countervail
couple
course
court
court-martial
covenant
cover
covet
cow
cower
cox
cozen
crab
crack
crackle
cradle
cram
cramp
crane
crank
crap
crash
crash-dive
crash-land
crate
crave
crawl
crayon
creak
cream
crease
create
credit
creep
cremate
crepitate
crest
crib
crick
crime
crimp
crimson
cringe
crinkle
cripple
crisp
crisscross
criticize
croak
crochet
crock
crook
croon
crop
cross
cross-examine
cross-fertilize
cross-index
cross-question
crossbreed
crosscheck
crouch
crow
crowd
crown
crucify
cruise
crumble
crumple
crunch
crusade
crush
crust
cry
crystallize
cube
cuckold
cuddle
cudgel
cuff
cull
culminate
cultivate
cumber
cup
curb
curdle
cure
curl
curry
curse
curtail
curtain
curtsey
curtsy
curve
cushion
cycle
cyclostyle
cypher
dab
dabble
dally
dam
damage
damascene
damn
damp
dampen
dance
dandle
dangle
dapple
dare
darken
darn
dart
dash
date
daub
daunt
dawdle
dawn
daydream
daze
dazzle
de-escalate
de-ice
deaden
deafen
deal
debag
debar
debark
debase
debate
debauch
debilitate
debit
debouch
debrief
debug
debunk
decamp
decant
decapitate
decarbonize
decay
decease
deceive
decelerate
decentralize
decide
decimalize
decimate
decipher
deck
declaim
declare
declassify
decline
declutch
decode
decoke
decolonize
decompose
decompress
decontaminate
decontrol
decorate
decoy
decrease
decry
dedicate
deduce
deduct
deem
deep-freeze
deepen
deface
defame
default
defeat
defecate
defect
defend
defer
defile
define
deflate
deflect
deflower
defoliate
deforest
deform
defraud
defray
defrock
defrost
defuse
defy
degauss
degenerate
degrade
dehorn
dehumanize
dehydrate
deify
deign
deject
delay
delegate
delete
deliberate
delight
delimit
delimitate
delineate
deliver
delouse
delude
deluge
delve
demagnetize
demand
demarcate
demean
demilitarize
demist
demob
demobilize
democratize
demolish
demonetize
demonstrate
demoralize
demote
demur
denationalize
denigrate
denominate
denote
denounce
dent
denude
deny
deodorize
depart
depend
depict
deplane
deplete
deplore
deploy
depopulate
deport
depose
deposit
deprave
deprecate
depreciate
depress
deprive
depute
deputize
derail
derange
derate
derequisition
derestrict
deride
derive
derogate
desalinate
desalinize
desalt
descale
descant
descend
describe
descry
desecrate
desegregate
desensitize
desert
deserve
desiccate
design
designate
desire
desist
desolate
despair
despatch
despise
despoil
destine
destroy
detach
detail
detain
detect
deter
deteriorate
determine
detest
dethrone
detonate
detour
detract
detrain
detribalize
devaluate
devalue
devastate
develop
deviate
devil
devise
devitalize
devolve
devote
devour
diagnose
dial
dibble
dice
dicker
dictate
diddle
die
diet
differ
differentiate
diffract
diffuse
dig
digest
dignify
digress
dike
dilate
dilly-dally
dilute
dim
diminish
dimple
din
dine
dip
direct
dirty
disable
disabuse
disafforest
disagree
disallow
disappear
disappoint
disapprove
disarm
disarrange
disarray
disassociate
disavow
disband
disbelieve
disbud
disburden
disburse
discard
discern
discharge
discipline
disclaim
disclose
discolour
discomfit
discommode
discompose
disconcert
disconnect
discontent
discontinue
discount
discountenance
discourage
discourse
discover
discredit
discriminate
discuss
disdain
disembark
disembarrass
disembody
disembowel
disenchant
disencumber
disenfranchise
disengage
disentangle
disestablish
disfavour
disfigure
disforest
disfranchise
disgorge
disgrace
disguise
disgust
dish
dishearten
dishonour
disillusion
disincline
disinfect
disinfest
disinherit
disintegrate
disinter
disjoint
dislike
dislocate
dislodge
dismantle
dismay
dismember
dismiss
dismount
disobey
disoblige
disorder
disorganize
disorient
disorientate
disown
disparage
dispatch
dispel
dispense
disperse
dispirit
displace
display
displease
disport
dispose
dispossess
disprove
dispute
disqualify
disquiet
disregard
disrobe
disrupt
dissatisfy
dissect
dissemble
disseminate
dissent
dissever
dissimulate
dissipate
dissociate
dissolve
dissuade
distance
distemper
distend
distil
distinguish
distort
distract
distrain
distress
distribute
distrust
disturb
disunite
ditch
dither
divagate
dive
dive-bomb
diverge
diversify
divert
divest
divide
divine
divorce
divulge
dizzy
do
dock
docket
doctor
document
dodder
dodge
doff
dog
dogmatize
dole
doll
domesticate
dominate
domineer
don
donate
doodle
doom
dope
dose
doss
dot
dote
double
double-check
double-cross
double-park
doubt
douse
dovetail
dower
down
downgrade
dowse
doze
draft
drag
dragoon
drain
dramatize
drape
drat
draught
draw
drawl
dread
dream
dredge
drench
dress
dribble
drift
drill
drink
drip
drip-dry
drive
drivel
drizzle
drone
drool
droop
drop
drown
drowse
drub
drudge
drug
drum
dry
dry-clean
dub
duck
duel
dull
dumbfound
dump
dun
dunk
dupe
duplicate
dust
dwarf
dwell
dwindle
dye
dyke
dynamite
earmark
earn
earth
ease
eat
eavesdrop
ebb
echo
eclipse
economize
eddy
edge
edify
edit
educate
educe
eff
efface
effect
effervesce
egg
egotrip
ejaculate
eject
eke
elaborate
elapse
elate
elbow
elect
electrify
electrocute
electroplate
elevate
elicit
elide
eliminate
elongate
elope
elucidate
elude
emaciate
emanate
emancipate
emasculate
embalm
embargo
embark
embarrass
embed
embellish
embezzle
embitter
emblazon
embody
embolden
emboss
embrace
embroider
embroil
emend
emerge
emigrate
emit
empale
empanel
emphasize
emplane
employ
empower
empty
emulate
emulsify
enable
enact
enamel
enamour
encamp
encase
enchain
enchant
encircle
enclose
encode
encompass
encore
encounter
encourage
encroach
encrust
encumber
end
endanger
endear
endeavour
endorse
endow
endue
endure
enervate
enfeeble
enfold
enforce
enfranchise
engage
engender
engineer
engraft
engrave
engross
engulf
enhance
enjoin
enjoy
enkindle
enlarge
enlighten
enlist
enliven
enmesh
ennoble
enplane
enquire
enrage
enrapture
enrich
enrol
enroll
ensconce
enshrine
enshroud
enslave
ensnare
ensue
ensure
entail
entangle
enter
entertain
enthral
enthrall
enthrone
enthuse
entice
entitle
entomb
entrain
entrance
entrap
entreat
entrench
entrust
entwine
enumerate
enunciate
envelop
envenom
environ
envisage
envy
enwrap
epitomize
equal
equalize
equate
equip
eradicate
erase
erect
erode
err
erupt
escalate
escape
eschew
escort
espouse
espy
essay
establish
esteem
estimate
estrange
etch
eulogize
evacuate
evade
evaluate
evaporate
even
evict
evidence
evince
eviscerate
evoke
evolve
exacerbate
exact
exaggerate
exalt
examine
exasperate
excavate
exceed
excel
except
exchange
excise
excite
exclaim
exclude
excogitate
excommunicate
excoriate
excrete
exculpate
excuse
execrate
execute
exemplify
exempt
exercise
exert
exhale
exhaust
exhibit
exhilarate
exhort
exhume
exile
exist
exit
exonerate
exorcize
expand
expatiate
expatriate
expect
expectorate
expedite
expel
expend
experience
experiment
expiate
expire
explain
explicate
explode
exploit
explore
export
expostulate
expound
express
expropriate
expunge
expurgate
extemporize
extend
extenuate
exteriorize
exterminate
externalize
extinguish
extirpate
extol
extort
extract
extradite
extrapolate
extricate
extrude
exude
exult
eye
f^ete
fabricate
face
facilitate
factorize
fade
fag
fail
faint
fake
fall
falsify
falter
familiarize
famish
fan
fancy
fare
farm
farrow
fart
fascinate
fashion
fast
fasten
fat
fate
father
fathom
fatigue
fatten
fault
favour
fawn
fear
feast
feather
featherbed
feature
federate
fee
feel
feign
feint
felicitate
fence
fend
ferment
ferret
ferry
fertilize
fester
festoon
fetch
fetter
fib
fiddle
fidget
field
fight
figure
filch
file
filibuster
fill
fillet
film
filter
filtrate
finalize
finance
find
fine
finger
finish
fire
firm
fish
fit
fix
fixate
fizz
fizzle
flabbergast
flag
flagellate
flail
flake
flame
flank
flap
flare
flash
flatten
flatter
flaunt
flavour
flay
fleck
flee
fleece
flex
flick
flicker
flight
flinch
fling
flip
flirt
flit
float
flock
flog
flood
floodlight
floor
flop
flounce
flounder
flour
flourish
flout
flow
flower
fluctuate
fluff
flummox
flunk
fluoridate
fluoridize
flurry
flush
fluster
flute
flutter
fly
fly-fish
foal
foam
fob
focus
fog
foil
foist
fold
follow
foment
fondle
fool
foot
footle
footslog
forage
foray
forbear
forbid
force-feed
force-land
ford
forearm
forebode
foreclose
foredoom
foregather
forego
foreknow
foreordain
foresee
foreshadow
foreshorten
forestall
foreswear
foretell
forewarn
forfeit
forgather
forge
forget
forgive
forgo
fork
form
formalize
formulate
fornicate
forsake
forswear
fortify
forward
fossilize
foster
foul
founder
fowl
fox
foxhunt
fracture
fragment
frame
frank
fraternize
fray
freak
freckle
free
freelance
freewheel
freeze
freight
frequent
fresco
freshen
fret
fricassee
fright
frighten
fringe
frisk
fritter
frivol
frizz
frizzle
frogmarch
front
frost
froth
frown
fructify
fruit
frustrate
fry
fuck
fuddle
fuel
fulfil
fulminate
fumble
fume
fumigate
function
fund
funk
funnel
furbish
furl
furnish
furrow
further
fuse
fuss
gabble
gad
gag
gage
gain
gainsay
gall
gallivant
gallop
galumph
galvanize
gamble
gambol
game
gang
gangrene
gaol
gape
garage
garb
garble
garden
gargle
garland
garner
garnish
garotte
garrison
garrotte
gas
gash
gasify
gasp
gate
gatecrash
gather
gauge
gawp
gaze
gazette
gazump
gear
gel
geld
gen
generalize
generate
genuflect
germinate
gerrymander
gesticulate
gesture
get
ghost
gibber
gibbet
gibe
gift
giggle
gild
gin
ginger
gird
girdle
give
gladden
glamorize
glance
glare
glass
glaze
gleam
glean
glide
glimmer
glimpse
glint
glissade
glisten
glister
glitter
gloat
globetrot
glorify
glory
gloss
glow
glower
glue
glut
gnash
gnaw
go
goad
gobble
goggle
golf
gong
goof
gore
gorge
gormandize
gossip
gouge
govern
gown
grab
grace
grade
graduate
graft
grant
granulate
grapple
grasp
grass
grate
gratify
grave
gravel
graving
gravitate
gray
graze
grease
greet
grey
grieve
grill
grimace
grime
grin
grind
grip
grit
grizzle
groan
groin
groom
groove
grope
gross
grouch
group
grouse
grovel
grow
growl
grub
grudge
grumble
grunt
guarantee
guard
guess
guffaw
guide
guillotine
gull
gulp
gum
gun
gurgle
gush
gut
gutter
guy
guzzle
gybe
gyp
gyrate
habituate
hack
haggle
hail
halloo
hallow
halt
halve
ham
hammer
hamper
hamstring
hand
handcuff
handicap
handle
hang
hanker
hap
happen
harangue
harass
harbour
harden
hare
hark
harm
harmonize
harness
harp
harpoon
harrow
harry
harvest
hash
hassle
hasten
hatch
hate
haul
haunt
have
haw
hawk
hazard
haze
head
heal
heap
hear
hearken
hearten
heat
heave
heckle
hector
hedge
hedgehop
heed
heel
heighten
heliograph
help
hem
hemstitch
herald
herd
hesitate
hew
hibernate
hiccough
hiccup
hide
hie
highjack
highlight
hijack
hike
hinder
hinge
hint
hire
hiss
hitch
hitchhike
hive
hoard
hoax
hobble
hobnob
hock
hoe
hog
hoist
hold
hole
holiday
holler
hollow
holystone
homogenize
hone
honeycomb
honeymoon
honk
honour
hood
hoodoo
hoodwink
hook
hoop
hoot
hop
hope
horn
horrify
horsewhip
hose
hospitalize
host
hot
hotfoot
hound
house
hover
howl
huddle
huff
hug
hull
hum
humanize
humble
humbug
humidify
humiliate
humour
hump
hunch
hunger
hunt
hurdle
hurl
hurrah
hurry
hurtle
husband
hush
husk
hustle
hybridize
hydrate
hymn
hyphen
hyphenate
hypnotize
hypothecate
ice
ice-skate
idealize
identify
idle
idolize
ignite
ignore
ill-treat
ill-use
illume
illuminate
illumine
illustrate
image
imagine
imbed
imbibe
imbue
imitate
immerse
immigrate
immobilize
immolate
immortalize
immunize
immure
impact
impair
impale
impanel
impart
impeach
impede
impel
impend
imperil
impersonate
impinge
implant
implement
implicate
implore
imply
import
importune
impose
impound
impoverish
imprecate
impregnate
impress
imprint
imprison
improve
improvise
impugn
impulse-buy
impute
inactivate
inaugurate
incapacitate
incarcerate
incarnate
incense
inch
incinerate
incise
incite
incline
inclose
include
incommode
inconvenience
incorporate
increase
incriminate
incubate
inculcate
inculpate
incur
indemnify
indent
indenture
index
indicate
indict
indite
individualize
indoctrinate
indorse
induce
induct
indue
indulge
inebriate
infatuate
infect
infer
infest
infiltrate
inflame
inflate
inflect
inflict
influence
inform
infringe
infuriate
infuse
ingest
ingraft
ingratiate
inhabit
inhale
inherit
inhibit
initial
initiate
inject
injure
ink
inlay
innovate
inoculate
inquire
inscribe
inseminate
insert
insinuate
insist
inspan
inspect
inspire
install
instance
instigate
instil
institute
institutionalize
instruct
insulate
insult
insure
integrate
intend
intensify
inter
interact
interbreed
intercede
intercept
interchange
intercommunicate
interconnect
interdict
interest
interfere
interject
interlace
interlard
interleave
interlink
interlock
intermarry
intermingle
intermix
intern
internalize
internationalize
interpellate
interpolate
interpose
interpret
interrelate
interrogate
interrupt
intersect
intersperse
intertwine
intervene
interview
interweave
intimate
intimidate
intone
intoxicate
intrench
intrigue
introduce
introspect
introvert
intrude
intrust
intuit
inundate
inure
invade
invalidate
inveigh
inveigle
invent
invert
invest
investigate
invigilate
invigorate
invite
invoice
invoke
involve
ionize
ipse
irk
iron
irradiate
irrigate
irritate
isolate
issue
italicize
itch
itemize
iterate
jab
jabber
jack
jack-knife
jag
jail
jam
jampack
jangle
japan
jar
jaundice
jaunt
jaw
jaywalk
jazz
jeer
jell
jelly
jeopardize
jerk
jest
jet
jettison
jewel
jib
jibe
jig
jiggle
jilt
jingle
jive
job
jockey
jog
joggle
join
joint
joke
jolly
jolt
jostle
jot
journey
joust
joy
judder
judge
jug
juggle
jumble
jump
junket
justify
jut
juxtapose
keel
keen
keep
ken
kennel
key
kick
kid
kidnap
kill
kindle
kink
kip
kiss
kit
knap
knead
kneel
knife
knight
knock
knot
know
knuckle
kotow
kowtow
label
labour
lace
lacerate
lack
lacquer
ladder
lade
ladle
lag
laicize
lam
lamb
lambaste
lame
lament
laminate
lampoon
lance
land
landscape
languish
lap
laps
lapse
lard
lark
larn
lash
lasso
last
latch
lather
laud
laugh
launch
launder
lave
lavish
lay
layer
laze
leach
lead
leaf
league
leak
lean
leap
leapfrog
learn
lease
leave
leaven
lecture
leer
legalize
legislate
legitimatize
lend
lengthen
lese
lessen
levant
level
lever
levitate
levy
liaise
libel
liberalize
liberate
licence
license
lick
lie
lift
light
lighten
lighter
like
liken
lilt
limber
lime
limit
limn
limp
line
linger
link
lionize
lip-read
liquefy
liquidate
liquidize
lisp
list
listen
lithograph
litigate
litter
liven
load
loaf
loan
loathe
lob
lobby
localize
locate
lock
lodge
loft
log
loiter
loll
long
look
loom
loop
loose
loosen
loot
lop
lope
lord
lose
lounge
lour
love
low
lower
lubricate
luff
lug
lull
lumber
lump
lunch
lunge
lurch
lure
lurk
lust
luxuriate
lynch
macadamize
macerate
machine
madden
maffick
magnetize
magnify
mail
maim
maintain
major
make
malfunction
malign
malinger
malt
maltreat
man
manacle
manage
mandate
mangle
manhandle
manicure
manifest
manifold
manipulate
manoeuvre
mantle
manufacture
manumit
manure
map
mar
maraud
march
marinade
marinate
mark
market
maroon
marry
marshal
martyr
marvel
mash
mask
masquerade
mass
mass-produce
massacre
massage
master
mastermind
masticate
masturbate
mat
match
mate
materialize
matriculate
matter
maturate
mature
maul
maunder
maximize
may
mean
meander
measure
mechanize
meddle
mediate
medicate
meditate
meet
meliorate
mellow
melt
memorialize
memorize
menace
mend
menstruate
mention
mercerize
merge
merit
mesh
mesmerize
mess
metal
metamorphose
mete
metricize
mew
miaou
miaow
microfilm
migrate
mildew
militate
milk
mill
mime
mimeograph
mince
mind
mine
mingle
miniaturize
minimize
minister
mint
mire
mirror
misadvise
misapply
misapprehend
misappropriate
misbehave
miscalculate
miscall
miscarry
misconceive
misconduct
misconstrue
miscount
misdate
misdeal
misdirect
misfire
misgive
misgovern
misguide
mishandle
misinform
misinterpret
misjudge
mislay
mislead
mismanage
misname
misplace
misprint
mispronounce
misquote
misread
misrepresent
miss
misspell
misspend
misstate
mist
mistake
mistime
mistranslate
mistrust
misunderstand
misuse
mitigate
mix
mizzle
moan
mob
mobilize
mock
model
moderate
modernize
modify
modulate
moil
moisten
molest
mollify
mollycoddle
monetize
monitor
monkey
monopolize
moo
mooch
moon
moor
moot
mop
mope
moralize
mortar
mortgage
mortice
mortify
mortise
mosey
mother
mothproof
motion
motivate
motor
motorize
mottle
mould
moulder
moult
mount
mourn
mouse
move
mow
muck
mud
muddle
muddy
muff
muffle
mug
mulch
mulct
mull
multiply
mumble
mummify
munch
munition
murder
murmur
muscle
muse
mushroom
muss
muster
mute
mutilate
mutiny
mutter
muzzle
mystify
nab
nag
nail
name
name-drop
nap
nark
narrate
narrow
nasalize
nationalize
natter
naturalize
nauseate
navigate
near
necessitate
neck
need
needle
negate
negative
neglect
negotiate
neigh
neighbour
nerve
nest
nestle
net
nett
nettle
neuter
neutralize
nibble
nick
nickel
nickname
niggle
nip
nobble
nod
noise
nominate
nonplus
noose
normalize
nose
nosedive
nosh
notch
note
notice
notify
nourish
nudge
nullify
numb
number
nurse
nurture
nut
nuzzle
obey
obfuscate
object
objurgate
obligate
oblige
obliterate
obscure
observe
obsess
obstruct
obtain
obtrude
obviate
occasion
occupy
occur
offend
offer
officiate
ogle
oil
okay
omen
omit
ooze
open
operate
opine
oppose
oppress
oppugn
opt
orate
orbit
orchestrate
ordain
order
organize
orient
orientate
originate
ornament
orphan
oscillate
ossify
ostracize
oust
out
out-herod
outbalance
outbrave
outclass
outdistance
outdo
outface
outfight
outfit
outflank
outfox
outgrow
outlast
outlaw
outline
outlive
outmanoeuvre
outmarch
outmatch
outnumber
outplay
outpoint
outrage
outrange
outrank
outride
outrival
outsail
outshine
outsmart
outspan
outstay
outstrip
outvie
outvote
outwear
outweigh
outwit
overact
overarch
overawe
overbalance
overbear
overburden
overcall
overcapitalize
overcharge
overclothe
overcloud
overcook
overcrop
overcrowd
overdo
overdraw
overdress
overeat
overemphasize
overestimate
overexert
overexpose
overfeed
overflow
overfly
overhang
overhaul
overhear
overheat
overindulge
overlap
overlay
overleap
overlie
overload
overlook
overmaster
overpay
overplay
overpower
overpraise
overprint
overproduce
overrate
overreach
override
overrule
oversee
oversew
overshadow
overshoot
oversimplify
oversleep
overspend
overstate
overstay
overstep
overstock
overstrain
overtake
overtax
overthrow
overtop
overtrump
overturn
overvalue
overwhelm
overwork
owe
own
oxidize
oxygenate
oxygenize
pace
pacify
pack
package
pad
paddle
padlock
page
pain
paint
pair
pal
palaver
pale
palisade
pall
palliate
palm
palpitate
palsy
palter
pamper
pan
pander
panel
panhandle
pant
paper
parachute
parade
paragraph
parallel
paralyse
paralyze
paraphrase
parboil
parcel
parch
pardon
pare
park
parley
parody
parole
parry
parse
part
partake
participate
particularize
partition
partner
pass
paste
pasteurize
pasture
pat
patch
patent
patrol
patronize
patter
pattern
pauperize
pause
pave
paw
pawn
pay
peach
peak
peal
pearl
peck
peculate
pedal
peddle
pee
peek
peel
peep
peer
peeve
peg
pelt
pen
penalize
pencil
penetrate
pension
people
pep
pepper
perambulate
perceive
perch
percolate
perfect
perforate
perform
perfume
peril
perish
perjure
perk
perm
permeate
permit
permute
perpetrate
perpetuate
perplex
persecute
persevere
persist
personalize
personate
personify
perspire
persuade
pertain
perturb
peruse
pervade
pervert
pester
pestle
pet
peter
petition
petrify
phase
philander
philosophize
phone
photocopy
photograph
photosensitize
photostat
phrase
pick
picket
pickle
picture
piddle
piece
pierce
piffle
pig
pigeonhole
pile
pilfer
pillage
pillow
pilot
pimp
pin
pinch
pine
ping
pinion
pink
pinnacle
pinpoint
pioneer
pip
pipe
pique
pirate
pirouette
piss
pit
pitch
pitchfork
pity
pivot
placard
placate
place
plagiarize
plague
plain
plait
plan
plane
plank
plant
plash
plaster
plate
play
pleach
plead
please
pleat
pledge
plight
plod
plonk
plop
plot
plough
pluck
plug
plumb
plume
plummet
plump
plunder
plunge
ply
poach
pocket
pod
point
poise
poison
poke
polarize
poleax
poleaxe
police
polish
politicize
politick
poll
pollard
pollinate
pollute
pomade
pommel
ponder
poniard
pontificate
pooh-pooh
pool
pop
popularize
populate
pore
port
portend
portion
portray
pose
posh
posit
position
possess
postdate
postmark
postpone
postulate
posture
pot
potter
pouch
poultice
pounce
pound
pour
pout
powder
power
power-dive
powwow
practise
praise
prance
prate
prattle
prawn
pray
pre-empt
pre-exist
preach
preachify
prearrange
precede
precipitate
precis
preclude
preconceive
predecease
predestinate
predestine
predetermine
predicate
predict
predigest
predispose
predominate
preen
prefabricate
preface
prefer
prefigure
prefix
preheat
prejudge
prejudice
prelude
premeditate
premise
premiss
preoccupy
preordain
prepare
prepay
preponderate
prepossess
prerecord
presage
prescribe
present
preserve
preside
press
presume
presuppose
pretend
prettify
prevail
prevaricate
prevent
preview
prey
price
prick
prickle
pride
prim
prime
primp
prink
print
prise
prize
probate
probe
proceed
process
proclaim
procrastinate
procreate
procure
prod
produce
profane
profess
proffer
profile
profit
profiteer
prognosticate
program
programme
progress
prohibit
project
prolapse
proliferate
prolong
promenade
promise
promote
prompt
promulgate
pronounce
proof
proofread
prop
propagandize
propagate
propel
prophesy
propitiate
proportion
propose
proposition
propound
prorogue
proscribe
prosecute
proselytize
prospect
prosper
prostitute
prostrate
protect
protest
protract
protrude
prove
provide
provision
provoke
prowl
prune
pry
psychoanalyse
psychoanalyze
pub-crawl
publicize
publish
pucker
puddle
puff
puke
pule
pull
pullulate
pulp
pulsate
pulse
pulverize
pummel
pump
pun
punch
punctuate
puncture
punish
punt
purchase
purge
purify
purl
purloin
purport
purpose
purr
purse
pursue
purvey
push
pussyfoot
put
putrefy
putt
putter
putty
puzzle
quack
quadruple
quadruplicate
quaff
quail
quake
qualify
quantify
quarantine
quarrel
quarry
quarter
quash
quaver
queen
queer
quell
quench
query
quest
question
queue
quibble
quick-freeze
quicken
quiet
quieten
quilt
quip
quiver
quiz
quote
rabbit
race
rack
racket
radiate
raffle
raft
rag
rage
raid
rail
railroad
rain
raise
rake
rally
ram
ramble
ramify
ramp
rampage
range
rank
rankle
ransack
ransom
rant
rap
rape
rarefy
rase
rasp
rat
rate
ratify
ration
rationalize
rattle
ravage
rave
ravel
ravish
ray
raze
razor
re-address
re-afforest
re-count
re-cover
re-echo
re-form
re-join
reach
react
read
readjust
readmit
reaffirm
realize
reanimate
reap
reappear
rear
rearm
rearrange
reason
reassemble
reassess
reassure
reattribute
rebel
rebind
rebound
rebuff
rebuild
rebuke
rebut
recall
recant
recap
recapitulate
recapture
recede
receipt
receive
recess
reciprocate
recite
reckon
reclaim
recline
recognize
recoil
recollect
recommend
recommit
recompense
reconcile
recondition
reconnoitre
reconsecrate
reconsider
reconstruct
reconvict
record
recount
recoup
recover
recreate
recriminate
recruit
rectify
recuperate
recur
recurve
recycle
redact
redden
redecorate
redeem
redefine
redeploy
redesign
redevelop
rediscover
redistribute
redo
redouble
redound
redress
reduce
reduplicate
reef
reek
reel
reface
refashion
refer
referee
refill
refine
refit
reflate
reflect
refloat
reforest
reform
refract
refrain
refresh
refrigerate
refuel
refund
refurbish
refurnish
refuse
refute
regain
regale
regard
regenerate
regiment
register
regress
regret
regroup
regularize
regulate
regurgitate
rehabilitate
rehash
rehear
rehears
rehearse
rehouse
reign
reimburse
rein
reincarnate
reinforce
reinstate
reinsure
reintegrate
reinterpret
reissue
reiterate
reject
rejig
rejoice
rejoin
rejuvenate
rekindle
relapse
relate
relax
relay
release
relegate
relent
relieve
reline
relinquish
relish
relive
relocate
rely
remain
remake
remand
remark
remarry
remedy
remember
remilitarize
remind
reminisce
remit
remodel
remonstrate
remould
remount
remove
remunerate
rename
rend
render
renegade
renege
renegue
renew
renounce
renovate
reopen
reorganize
reorient
reorientate
repaint
repair
repatriate
repay
repeal
repeat
repel
repent
repine
replace
replant
replay
replenish
reply
repoint
report
repose
repot
reprehend
represent
repress
reprieve
reprimand
reprint
reproach
reprobate
reproduce
reprove
repudiate
repulse
repute
request
require
requisition
requite
reread
rescind
rescue
research
reseat
reseed
resell
resemble
resent
reserve
resettle
reshape
reshuffle
reside
resign
resist
resole
resolve
resonate
resort
resound
respect
respire
respite
respond
rest
restart
restate
restock
restore
restrain
restrict
restructure
result
resume
resurface
resurrect
resuscitate
ret
retail
retain
retake
retaliate
retard
retch
retell
rethink
reticulate
retire
retool
retort
retouch
retrace
retract
retransmit
retread
retreat
retrench
retrieve
retrograde
retrogress
return
reunite
rev
revalue
revamp
reveal
revel
revenge
reverberate
revere
reverence
reverse
revert
review
revile
revise
revisit
revitalize
revive
revivify
revoke
revolt
revolutionize
revolve
reward
rewire
reword
rewrite
rhapsodize
rhyme
rib
rick
ricochet
riddle
ride
ridge
ridicule
riffle
rifle
rig
right
rile
rim
rime
ring
rinse
riot
rip
ripen
riposte
ripple
rise
risk
rival
rive
rivet
roam
roar
roast
rob
robe
rock
rocket
roll
romance
romanticize
romp
roof
rook
room
roost
root
rootle
rope
rosin
rot
rotate
rouge
rough
rough-dry
rough-house
roughen
round
rouse
rout
route
rove
row
rub
rubber
rubber-stamp
rubberize
rubberneck
rubbish
ruck
ruddle
rue
ruff
ruffle
ruin
rule
rumble
ruminate
rummage
rumour
rumple
rupture
rush
rust
rusticate
rustle
rut
sabotage
sabre
sack
sacrifice
sadden
saddle
safeguard
sag
sail
salaam
salivate
sallow
sally
salt
salute
salvage
salve
sample
sanctify
sanction
sand
sandblast
sandpaper
sandwich
sap
sate
satiate
satirize
satisfy
saturate
sauce
saunter
saute
savage
save
savour
savvy
say
scald
scale
scallop
scalp
scamp
scamper
scan
scandalize
scant
scar
scare
scarify
scarper
scatter
scavenge
scent
schedule
scheme
school
scintillate
scoff
scold
scollop
scoop
scoot
scorch
score
scorn
scotch
scour
scourge
scout
scowl
scrabble
scrag
scram
scramble
scrap
scrape
scratch
scrawl
scream
screech
screen
screw
scribble
scrimmage
scrimp
scrimshank
scrounge
scrub
scrunch
scruple
scrutinize
scud
scuff
scuffle
scull
sculpt
sculpture
scupper
scurry
scuttle
scythe
seal
seam
sear
search
season
seat
secede
seclude
second
secrete
secularize
secure
sedate
seduce
see
seed
seek
seem
seep
seesaw
seethe
segment
segregate
seine
seize
select
sell
semaphore
send
sense
sensitize
sentence
sentimentalize
sequester
sequestrate
serenade
serialize
sermonize
serve
service
settle
sever
sew
sex
shack
shackle
shade
shadow
shag
shake
shallow
sham
shamble
shame
shampoo
shanghai
shape
share
sharpen
shatter
shave
shear
sheathe
sheer
shell
shelter
shelve
shepherd
shew
shield
shift
shillyshally
shimmer
shin
shine
shingle
ship
shipwreck
shirk
shit
shiver
shoal
shock
shoe
shoo
shoot
shop
shoplift
shore
short
short-change
short-circuit
shorten
shortlist
shoulder
shout
shove
shovel
show
shower
shred
shriek
shrill
shrimp
shrine
shrink
shrive
shrivel
shroud
shrug
shuck
shudder
shuffle
shun
shunt
shush
shutter
shuttle
shy
sick
sicken
side
side-slip
sidestep
sidetrack
sidle
sieve
sift
sigh
sight
sign
signal
signalize
signify
signpost
silence
silhouette
silt
silver
simmer
simper
simplify
simulate
sin
sing
singe
single
singularize
sink
sip
siphon
sire
sit
site
size
sizzle
skate
skedaddle
sketch
skewer
ski
skid
skim
skimp
skin
skip
skipper
skirmish
skirt
skitter
skittle
skulk
sky
skylark
skyrocket
slack
slacken
slake
slam
slander
slang
slant
slap
slash
slate
slaughter
slave
slaver
slay
sledge
sleek
sleep
sleet
sleigh
slenderize
slice
slide
slight
slim
sling
slink
slip
slither
sliver
slobber
slog
slop
slope
slosh
slot
slouch
slow
slug
sluice
slum
slumber
slump
slur
smack
smart
smarten
smash
smear
smell
smile
smirch
smirk
smite
smoke
smooth
smother
smoulder
smudge
smuggle
smut
snaffle
snag
snake
snap
snare
snarl
snatch
sneak
sneer
sneeze
snick
snicker
sniff
sniffle
snigger
snip
snipe
snitch
snivel
snog
snoop
snooze
snore
snort
snow
snowball
snub
snuff
snuffle
snuggle
soak
soap
soar
sob
sober
socialize
sock
sod
soft-pedal
soft-soap
soft-solder
soften
softland
soil
sojourn
solace
solder
soldier
sole
solemnize
solicit
solidify
soliloquize
solve
somersault
soot
soothe
sop
sorrow
sort
sough
sound
soundproof
soup
sour
souse
sovietize
space
spade
spangle
spank
spar
spare
spark
sparkle
spatchcock
spatter
spawn
spay
speak
spear
specialize
specify
speculate
speechify
speed
spell
spend
spew
spice
spiel
spike
spill
spin
spin-dry
spiral
spirit
spiritualize
spirt
spit
spite
splash
splay
splice
splinter
splosh
splurge
splutter
spoil
sponge
sponsor
spoof
spoon
spoonfeed
sport
spot
spotlight
spout
sprain
sprawl
spray
spreadeagle
spring
spring-clean
sprinkle
sprint
sprout
spruce
spue
spur
spurn
spurt
sputter
spy
squabble
squall
squander
square
squash
squat
squawk
squeak
squeal
squeegee
squeeze
squelch
squint
squire
squirm
squirt
stab
stabilize
stable
stack
staff
stage
stagger
stagnate
stain
stake
stale
stalemate
stalk
stall
stammer
stamp
stampede
stand
standardize
staple
star
starboard
starch
stare
start
startle
starve
stash
state
station
staunch
stave
stay
steady
steal
steam
steam-heat
steamroller
steel
steep
steepen
steer
stem
stencil
step
stereotype
sterilize
stew
stick
stiffen
stifle
stigmatize
still
stimulate
sting
stink
stint
stipple
stipulate
stir
stitch
stock
stockade
stoke
stomach
stomp
stone
stonewall
stooge
stoop
stop
store
storm
stow
straddle
strafe
straggle
straighten
strain
straiten
strand
strangle
strap
stratify
straw
stray
streak
stream
streamline
strengthen
stress
stretch
strew
stride
stridulate
strike
string
strip
strive
stroke
stroll
strop
struggle
strum
strut
stub
stucco
stud
study
stuff
stultify
stumble
stump
stun
stunt
stupefy
stupify
stutter
style
stylize
stymie
subcontract
subdivide
subdue
subedit
subject
subjoin
subjugate
sublease
sublimate
submerge
submit
subordinate
suborn
subpoena
subscribe
subserve
subside
subsidize
subsist
substantiate
substitute
subsume
subtend
subtract
subvert
succeed
succour
succumb
suck
suckle
sue
suffer
suffice
suffocate
suffuse
sugar
suggest
suit
sulk
sully
sum
summarize
summer
summon
summons
sun
sunbathe
sunder
sup
superannuate
superimpose
superintend
supersede
supervene
supervise
supplant
supplement
supplicate
supply
support
suppose
suppress
suppurate
surcharge
surface
surfeit
surge
surmise
surmount
surpass
surprise
surrender
surround
surtax
survey
survive
suspect
suspend
suss
sustain
swab
swaddle
swagger
swallow
swamp
swan
swank
swap
swarm
swat
swathe
sway
swear
sweat
sweep
sweeten
swell
swelter
swerve
swig
swill
swim
swindle
swing
swinge
swipe
swirl
swish
switch
swivel
swob
swoon
swoop
swop
swot
syllabicate
syllabify
syllabize
symbolize
sympathize
synchronize
syncopate
syndicate
synthesize
syphon
syringe
systematize
taboo
tabulate
tack
tackle
tag
tail
tailor
taint
take
talk
tally
tame
tamp
tamper
tan
tangle
tank
tantalize
tap
tape
taper
tar
tarnish
tart
task
taste
tat
tattle
tattoo
taunt
tax
taxi
teach
team
tear
tease
tee
teem
teeter
teethe
telegraph
telephone
telescope
televise
tell
temper
temporize
tempt
tenant
tend
tender
tense
tergiversate
term
terminate
terrace
terrify
terrorize
test
test-drive
testify
tether
thank
thatch
thaw
theorize
thicken
thieve
thin
think
thirst
thrash
thread
threaten
thresh
thrill
thrive
throb
throng
throttle
throw
thrum
thud
thumb
thump
thunder
thwack
thwart
tick
ticket
tickle
tide
tidy
tie
tighten
tile
till
tilt
time
tincture
ting
tinge
tingle
tinker
tinkle
tinsel
tint
tip
tipple
tiptoe
tire
titillate
titivate
titter
tittivate
tittle-tattle
toady
toast
toboggan
toddle
toe
tog
toil
tolerate
toll
tomahawk
ton
tone
tonsure
tool
toot
tootle
top
top-dress
tope
topple
torment
torpedo
torture
toss
tot
total
tote
totter
touch
touch-type
toughen
tousle
tow
towel
tower
toy
trace
track
trade
traduce
trail
train
traipse
trammel
tramp
trample
tranquilize
tranquillize
transact
transcend
transcribe
transfer
transfigure
transfix
transform
transfuse
transgress
translate
transliterate
transmit
transmogrify
transmute
transpire
transplant
transport
transpose
transship
trap
travel
traverse
travesty
trawl
tread
treadle
treasure
treat
treble
tree
trek
trellis
tremble
trench
trend
trepan
trephine
trespass
trice
trick
trickle
trifle
trigger
trill
trim
trip
triple
triplicate
trisect
triumph
trivialize
troll
troop
trot
trouble
trounce
truckle
trudge
true
trump
trumpet
truncate
trundle
truss
trust
try
tuck
tug
tumble
tune
tunnel
turf
turn
tussle
tut
tutor
twaddle
twang
tweak
tweet
twiddle
twig
twin
twine
twinkle
twirl
twist
twit
twitch
twitter
type
typify
tyrannize
uglify
ulcerate
ululate
umpire
unbalance
unbar
unbend
unbind
unblock
unbolt
unbosom
unbuckle
unburden
unbutton
unchain
uncork
uncouple
uncover
uncross
uncurl
undeceive
underact
undercharge
underestimate
underexpose
undergo
underlie
underline
undermine
underpay
underpin
underquote
underrate
underscore
undersell
undershoot
undersign
underspend
understand
understate
understock
understudy
undertake
undervalue
underwrite
undo
undock
undress
undulate
unearth
unfasten
unfit
unfold
unfrock
unfurl
unhand
unhinge
unhitch
unhook
unhorse
unify
unite
unlearn
unleash
unload
unlock
unloose
unman
unmask
unnerve
unpack
unpick
unplug
unravel
unroll
unsaddle
unsay
unscramble
unscrew
unseat
unsettle
unsex
unsheathe
untie
unveil
unwind
unwrap
unzip
up
upbraid
update
upgrade
uphold
upholster
uplift
uproot
upstage
urbanize
urge
urinate
use
usher
usurp
utilize
utter
vacate
vacation
vaccinate
vacillate
valet
validate
value
vamoose
vamp
vanish
vanquish
vaporize
varnish
vary
vault
vaunt
veer
vegetate
veil
vend
veneer
venerate
vent
ventilate
venture
verbalize
verge
verify
versify
vest
vesture
vet
veto
vex
vibrate
vice
victimize
victual
videotape
vie
view
vilify
vindicate
violate
visa
visit
visualize
vitalize
vitiate
vitrify
vituperate
vivisect
vocalize
vociferate
voice
void
volley
volunteer
vomit
vote
vouch
vouchsafe
vow
voyage
vulcanize
vulgarize
wad
waddle
wade
waffle
waft
wag
wage
wager
waggle
wail
wait
waive
wake
waken
walk
wall
wallop
wallow
waltz
wander
wane
wangle
wank
want
wanton
war
warble
ward
ware
warm
warn
warp
warrant
wash
waste
watch
water
waterproof
wave
waver
wax
waylay
weaken
wean
wear
weary
weather
weave
wedge
wee
weekend
weep
weigh
weight
welcome
weld
well
welsh
welter
wench
wend
westernize
whack
whale
whang
wheedle
wheel
wheeze
whelp
whet
while
whimper
whine
whinny
whip
whir
whirl
whirr
whisk
whisper
whistle
whiten
whitewash
whittle
whiz
whoop
whop
widen
wield
wiggle
will
wilt
win
wince
winch
wind
wine
wing
wink
winkle
winnow
winter
wipe
wire
wisecrack
wish
withdraw
wither
withhold
withstand
witness
wive
wobble
wolf
womanize
wonder
woo
word
work
worm
worry
worsen
worship
worst
wound
wrangle
wrap
wreak
wreathe
wreck
wrench
wrest
wrestle
wrick
wriggle
wring
wrinkle
writ
write
writhe
wrong
x-ray
xerox
yacht
yammer
yank
yap
yarn
yaw
yawn
yearn
yell
yellow
yelp
yen
yield
yodel
yoke
yowl
zap
zero
zigzag
zip
zone
zoom
